[2026-01-15 23:34:43] TO:admin@lifex.test | LifeX Order #1
Your order has been placed. Invoice: /LifeX/invoice.php?id=1

[2026-01-16 02:31:40] TO:admin@lifex.test | LifeX Order #2
Your order has been placed. Invoice: /LifeX/invoice.php?id=2

[2026-01-16 15:45:58] TO:anikdasad808@gmail.com | LifeX Order #3 (Paid)
Payment successful via bKash. Invoice: /LifeX/invoice.php?id=3

[2026-01-16 15:48:03] TO:anikdasad808@gmail.com | LifeX Order #4 (Paid)
Payment successful via bKash. Invoice: /LifeX/invoice.php?id=4

[2026-01-16 18:33:08] TO:anikdasad808@gmail.com | LifeX Order #5
Your order has been placed. Invoice: /LifeX/invoice.php?id=5

[2026-01-16 18:35:28] TO:anikdasad808@gmail.com | LifeX Order #6 (Paid)
Payment successful via bKash. Invoice: /LifeX/invoice.php?id=6

[2026-01-17 12:34:41] TO:anikdasad5@gmail.com | LifeX Order #7
Your order has been placed. Invoice: /LifeX/invoice.php?id=7

[2026-01-18 11:00:12] TO:anikdasad5@gmail.com | LifeX Order #8 (Paid)
Payment successful via bKash. Invoice: /LifeX/invoice.php?id=8

[2026-01-22 00:23:15] TO:anik@yessbd.com | LifeX Order #9 (Paid)
Payment successful via bKash. Invoice: /LifeX/invoice.php?id=9

[2026-01-22 00:25:39] TO:anik@yessbd.com | LifeX Order #10
Your order has been placed. Invoice: /LifeX/invoice.php?id=10

[2026-01-22 12:40:17] TO:anik@yessbd.com | LifeX Order #11 (Paid)
Payment successful via bKash. Invoice: /LifeX/invoice.php?id=11

[2026-01-22 12:42:10] TO:anik@yessbd.com | LifeX Order #12
Your order has been placed. Invoice: /LifeX/invoice.php?id=12

